<?xml version="1.0" encoding="UTF-8"?>
<testsuite name="edu.touro.mco152.bm.DiskRunTest" tests="1" skipped="0" failures="0" errors="0" timestamp="2021-11-25T04:04:56" hostname="DESKTOP-FA9FUNO" time="0.868">
  <properties/>
  <testcase name="testFindAll()" classname="edu.touro.mco152.bm.DiskRunTest" time="0.868"/>
  <system-out><![CDATA[[EL Fine]: server: 2021-11-24 23:04:56.806--Thread(Thread[Test worker,5,main])--Configured server platform: org.eclipse.persistence.platform.server.NoServerPlatform
[EL Config]: metadata: 2021-11-24 23:04:56.882--ServerSession(267814113)--Thread(Thread[Test worker,5,main])--The access type for the persistent class [class edu.touro.mco152.bm.persist.DiskRun] is set to [FIELD].
[EL Config]: metadata: 2021-11-24 23:04:56.895--ServerSession(267814113)--Thread(Thread[Test worker,5,main])--The alias name for the entity class [class edu.touro.mco152.bm.persist.DiskRun] is being defaulted to: DiskRun.
[EL Config]: metadata: 2021-11-24 23:04:56.903--ServerSession(267814113)--Thread(Thread[Test worker,5,main])--The column name for element [ioMode] is being defaulted to: IOMODE.
[EL Config]: metadata: 2021-11-24 23:04:56.905--ServerSession(267814113)--Thread(Thread[Test worker,5,main])--The column name for element [numMarks] is being defaulted to: NUMMARKS.
[EL Config]: metadata: 2021-11-24 23:04:56.905--ServerSession(267814113)--Thread(Thread[Test worker,5,main])--The column name for element [runMin] is being defaulted to: RUNMIN.
[EL Config]: metadata: 2021-11-24 23:04:56.905--ServerSession(267814113)--Thread(Thread[Test worker,5,main])--The column name for element [runAvg] is being defaulted to: RUNAVG.
[EL Config]: metadata: 2021-11-24 23:04:56.905--ServerSession(267814113)--Thread(Thread[Test worker,5,main])--The column name for element [diskInfo] is being defaulted to: DISKINFO.
[EL Config]: metadata: 2021-11-24 23:04:56.905--ServerSession(267814113)--Thread(Thread[Test worker,5,main])--The column name for element [totalMarks] is being defaulted to: TOTALMARKS.
[EL Config]: metadata: 2021-11-24 23:04:56.906--ServerSession(267814113)--Thread(Thread[Test worker,5,main])--The column name for element [blockOrder] is being defaulted to: BLOCKORDER.
[EL Config]: metadata: 2021-11-24 23:04:56.906--ServerSession(267814113)--Thread(Thread[Test worker,5,main])--The column name for element [blockSize] is being defaulted to: BLOCKSIZE.
[EL Config]: metadata: 2021-11-24 23:04:56.906--ServerSession(267814113)--Thread(Thread[Test worker,5,main])--The column name for element [txSize] is being defaulted to: TXSIZE.
[EL Config]: metadata: 2021-11-24 23:04:56.906--ServerSession(267814113)--Thread(Thread[Test worker,5,main])--The column name for element [numBlocks] is being defaulted to: NUMBLOCKS.
[EL Config]: metadata: 2021-11-24 23:04:56.906--ServerSession(267814113)--Thread(Thread[Test worker,5,main])--The column name for element [runMax] is being defaulted to: RUNMAX.
[EL Config]: metadata: 2021-11-24 23:04:56.906--ServerSession(267814113)--Thread(Thread[Test worker,5,main])--The column name for element [startTime] is being defaulted to: STARTTIME.
[EL Config]: metadata: 2021-11-24 23:04:56.907--ServerSession(267814113)--Thread(Thread[Test worker,5,main])--The column name for element [id] is being defaulted to: ID.
[EL Config]: metadata: 2021-11-24 23:04:56.907--ServerSession(267814113)--Thread(Thread[Test worker,5,main])--The column name for element [endTime] is being defaulted to: ENDTIME.
[EL Info]: 2021-11-24 23:04:56.976--ServerSession(267814113)--Thread(Thread[Test worker,5,main])--EclipseLink, version: Eclipse Persistence Services - 3.0.2.v202107160933
[EL Fine]: connection: 2021-11-24 23:04:57.284--Thread(Thread[Test worker,5,main])--Detected database platform: org.eclipse.persistence.platform.database.JavaDBPlatform
[EL Fine]: connection: 2021-11-24 23:04:57.289--ServerSession(267814113)--Connection(1227438915)--Thread(Thread[Test worker,5,main])--connecting(DatabaseLogin(
	platform=>JavaDBPlatform
	user name=> ""
	datasource URL=> "jdbc:derby:derbyDB;create=true"
))
[EL Config]: connection: 2021-11-24 23:04:57.291--ServerSession(267814113)--Connection(1732513254)--Thread(Thread[Test worker,5,main])--Connected: jdbc:derby:derbyDB
	User: APP
	Database: Apache Derby  Version: 10.15.2.0 - (1873585)
	Driver: Apache Derby Embedded JDBC Driver  Version: 10.15.2.0 - (1873585)
[EL Fine]: connection: 2021-11-24 23:04:57.334--ServerSession(267814113)--Thread(Thread[Test worker,5,main])--/file:/D:/aaron/Documents/MCO152HW/lcmbadbm/lib/build/classes/java/main/_jDiskMarkPU login successful
[EL Fine]: sql: 2021-11-24 23:04:57.538--ServerSession(267814113)--Connection(1732513254)--Thread(Thread[Test worker,5,main])--SELECT ID, BLOCKORDER, BLOCKSIZE, DISKINFO, ENDTIME, IOMODE, NUMBLOCKS, NUMMARKS, RUNAVG, RUNMAX, RUNMIN, STARTTIME, TOTALMARKS, TXSIZE FROM DiskRun
]]></system-out>
  <system-err><![CDATA[]]></system-err>
</testsuite>
