<?xml version="1.0" encoding="UTF-8"?>
<testsuite name="edu.touro.mco152.bm.DiskRunTest" tests="1" skipped="0" failures="0" errors="0" timestamp="2021-11-25T21:44:43" hostname="DESKTOP-FA9FUNO" time="0.928">
  <properties/>
  <testcase name="testFindAll()" classname="edu.touro.mco152.bm.DiskRunTest" time="0.928"/>
  <system-out><![CDATA[[EL Fine]: server: 2021-11-25 16:44:43.811--Thread(Thread[Test worker,5,main])--Configured server platform: org.eclipse.persistence.platform.server.NoServerPlatform
[EL Config]: metadata: 2021-11-25 16:44:43.902--ServerSession(787361897)--Thread(Thread[Test worker,5,main])--The access type for the persistent class [class edu.touro.mco152.bm.persist.DiskRun] is set to [FIELD].
[EL Config]: metadata: 2021-11-25 16:44:43.913--ServerSession(787361897)--Thread(Thread[Test worker,5,main])--The alias name for the entity class [class edu.touro.mco152.bm.persist.DiskRun] is being defaulted to: DiskRun.
[EL Config]: metadata: 2021-11-25 16:44:43.921--ServerSession(787361897)--Thread(Thread[Test worker,5,main])--The column name for element [ioMode] is being defaulted to: IOMODE.
[EL Config]: metadata: 2021-11-25 16:44:43.923--ServerSession(787361897)--Thread(Thread[Test worker,5,main])--The column name for element [numMarks] is being defaulted to: NUMMARKS.
[EL Config]: metadata: 2021-11-25 16:44:43.924--ServerSession(787361897)--Thread(Thread[Test worker,5,main])--The column name for element [runMin] is being defaulted to: RUNMIN.
[EL Config]: metadata: 2021-11-25 16:44:43.924--ServerSession(787361897)--Thread(Thread[Test worker,5,main])--The column name for element [runAvg] is being defaulted to: RUNAVG.
[EL Config]: metadata: 2021-11-25 16:44:43.924--ServerSession(787361897)--Thread(Thread[Test worker,5,main])--The column name for element [diskInfo] is being defaulted to: DISKINFO.
[EL Config]: metadata: 2021-11-25 16:44:43.924--ServerSession(787361897)--Thread(Thread[Test worker,5,main])--The column name for element [totalMarks] is being defaulted to: TOTALMARKS.
[EL Config]: metadata: 2021-11-25 16:44:43.924--ServerSession(787361897)--Thread(Thread[Test worker,5,main])--The column name for element [blockOrder] is being defaulted to: BLOCKORDER.
[EL Config]: metadata: 2021-11-25 16:44:43.924--ServerSession(787361897)--Thread(Thread[Test worker,5,main])--The column name for element [blockSize] is being defaulted to: BLOCKSIZE.
[EL Config]: metadata: 2021-11-25 16:44:43.925--ServerSession(787361897)--Thread(Thread[Test worker,5,main])--The column name for element [txSize] is being defaulted to: TXSIZE.
[EL Config]: metadata: 2021-11-25 16:44:43.925--ServerSession(787361897)--Thread(Thread[Test worker,5,main])--The column name for element [numBlocks] is being defaulted to: NUMBLOCKS.
[EL Config]: metadata: 2021-11-25 16:44:43.925--ServerSession(787361897)--Thread(Thread[Test worker,5,main])--The column name for element [runMax] is being defaulted to: RUNMAX.
[EL Config]: metadata: 2021-11-25 16:44:43.925--ServerSession(787361897)--Thread(Thread[Test worker,5,main])--The column name for element [startTime] is being defaulted to: STARTTIME.
[EL Config]: metadata: 2021-11-25 16:44:43.925--ServerSession(787361897)--Thread(Thread[Test worker,5,main])--The column name for element [id] is being defaulted to: ID.
[EL Config]: metadata: 2021-11-25 16:44:43.926--ServerSession(787361897)--Thread(Thread[Test worker,5,main])--The column name for element [endTime] is being defaulted to: ENDTIME.
[EL Info]: 2021-11-25 16:44:44.01--ServerSession(787361897)--Thread(Thread[Test worker,5,main])--EclipseLink, version: Eclipse Persistence Services - 3.0.2.v202107160933
[EL Fine]: connection: 2021-11-25 16:44:44.339--Thread(Thread[Test worker,5,main])--Detected database platform: org.eclipse.persistence.platform.database.JavaDBPlatform
[EL Fine]: connection: 2021-11-25 16:44:44.344--ServerSession(787361897)--Connection(1045397707)--Thread(Thread[Test worker,5,main])--connecting(DatabaseLogin(
	platform=>JavaDBPlatform
	user name=> ""
	datasource URL=> "jdbc:derby:derbyDB;create=true"
))
[EL Config]: connection: 2021-11-25 16:44:44.347--ServerSession(787361897)--Connection(208301085)--Thread(Thread[Test worker,5,main])--Connected: jdbc:derby:derbyDB
	User: APP
	Database: Apache Derby  Version: 10.15.2.0 - (1873585)
	Driver: Apache Derby Embedded JDBC Driver  Version: 10.15.2.0 - (1873585)
[EL Fine]: connection: 2021-11-25 16:44:44.4--ServerSession(787361897)--Thread(Thread[Test worker,5,main])--/file:/D:/aaron/Documents/GitHub/lcmbadbm2/lib/build/classes/java/main/_jDiskMarkPU login successful
[EL Fine]: sql: 2021-11-25 16:44:44.571--ServerSession(787361897)--Connection(208301085)--Thread(Thread[Test worker,5,main])--SELECT ID, BLOCKORDER, BLOCKSIZE, DISKINFO, ENDTIME, IOMODE, NUMBLOCKS, NUMMARKS, RUNAVG, RUNMAX, RUNMIN, STARTTIME, TOTALMARKS, TXSIZE FROM DiskRun
]]></system-out>
  <system-err><![CDATA[]]></system-err>
</testsuite>
